{
  "RSpec": {
    "coverage": {
      "/home/cristi/RD/spec/models/contact_custom_spec.rb": [
        1,
        null,
        1,
        2,
        2,
        null
      ],
      "/home/cristi/RD/spec/rails_helper.rb": [
        null,
        1,
        1,
        null,
        1,
        1,
        1,
        1,
        null,
        null,
        null,
        null,
        null,
        null,
        null,
        null,
        null,
        null,
        null,
        null,
        null,
        null,
        null,
        null,
        null,
        null,
        null,
        1,
        null,
        1,
        null,
        1,
        null,
        1,
        null,
        null,
        null,
        null,
        1,
        null,
        null,
        null,
        null,
        null,
        null,
        null,
        null,
        null,
        null,
        null,
        null,
        null,
        null,
        1,
        null,
        null,
        1,
        null,
        null,
        null,
        null,
        1,
        1,
        null,
        1,
        null,
        null,
        1,
        1,
        1,
        null,
        1,
        null,
        null,
        null
      ],
      "/home/cristi/RD/config/environment.rb": [
        null,
        1,
        null,
        null,
        1
      ],
      "/home/cristi/RD/config/application.rb": [
        1,
        null,
        1,
        null,
        null,
        null,
        1,
        null,
        1,
        1,
        null,
        null,
        null,
        null,
        null
      ],
      "/home/cristi/RD/config/boot.rb": [
        1,
        null,
        1
      ],
      "/home/cristi/RD/config/environments/test.rb": [
        1,
        null,
        null,
        null,
        null,
        null,
        null,
        1,
        null,
        null,
        null,
        null,
        1,
        null,
        null,
        1,
        1,
        null,
        null,
        null,
        null,
        1,
        1,
        null,
        null,
        1,
        null,
        null,
        1,
        1,
        null,
        null,
        null,
        null,
        1,
        null,
        null,
        1,
        null,
        null,
        null,
        null
      ],
      "/home/cristi/RD/config/initializers/application_controller_renderer.rb": [
        null,
        null,
        null,
        null,
        null,
        null
      ],
      "/home/cristi/RD/config/initializers/assets.rb": [
        null,
        null,
        null,
        1,
        null,
        null,
        null,
        null,
        null,
        null,
        null
      ],
      "/home/cristi/RD/config/initializers/backtrace_silencers.rb": [
        null,
        null,
        null,
        null,
        null,
        null,
        null
      ],
      "/home/cristi/RD/config/initializers/cookies_serializer.rb": [
        null,
        null,
        null,
        null,
        1
      ],
      "/home/cristi/RD/config/initializers/devise.rb": [
        null,
        null,
        1,
        null,
        null,
        null,
        null,
        null,
        null,
        null,
        null,
        null,
        null,
        null,
        1,
        null,
        null,
        null,
        null,
        null,
        null,
        null,
        null,
        null,
        null,
        null,
        1,
        null,
        null,
        null,
        null,
        null,
        null,
        null,
        null,
        null,
        null,
        null,
        null,
        null,
        null,
        null,
        null,
        null,
        null,
        null,
        null,
        null,
        1,
        null,
        null,
        null,
        null,
        1,
        null,
        null,
        null,
        null,
        null,
        null,
        null,
        null,
        null,
        null,
        null,
        null,
        null,
        null,
        null,
        null,
        null,
        null,
        null,
        null,
        null,
        null,
        null,
        null,
        null,
        null,
        null,
        null,
        null,
        null,
        1,
        null,
        null,
        null,
        null,
        null,
        null,
        null,
        null,
        null,
        null,
        null,
        null,
        null,
        null,
        null,
        null,
        null,
        null,
        null,
        null,
        null,
        null,
        1,
        null,
        null,
        null,
        null,
        null,
        null,
        null,
        null,
        null,
        null,
        null,
        null,
        null,
        null,
        null,
        null,
        null,
        null,
        null,
        null,
        null,
        null,
        null,
        null,
        null,
        null,
        null,
        1,
        null,
        null,
        null,
        null,
        null,
        null,
        null,
        null,
        null,
        1,
        null,
        null,
        null,
        null,
        null,
        null,
        null,
        null,
        null,
        null,
        1,
        null,
        null,
        null,
        null,
        1,
        null,
        null,
        null,
        null,
        null,
        null,
        null,
        null,
        null,
        null,
        null,
        null,
        null,
        null,
        null,
        null,
        null,
        null,
        null,
        null,
        null,
        null,
        null,
        null,
        null,
        null,
        null,
        null,
        null,
        null,
        null,
        null,
        null,
        null,
        null,
        null,
        null,
        null,
        null,
        null,
        1,
        null,
        null,
        null,
        null,
        null,
        null,
        null,
        null,
        null,
        null,
        null,
        null,
        null,
        null,
        null,
        null,
        null,
        null,
        null,
        null,
        null,
        null,
        null,
        null,
        null,
        null,
        null,
        null,
        null,
        null,
        null,
        null,
        null,
        null,
        null,
        null,
        null,
        null,
        null,
        null,
        null,
        1,
        null,
        null,
        null,
        null,
        null,
        null,
        null,
        null,
        null,
        null,
        null,
        null,
        null,
        null,
        null,
        null,
        null,
        null,
        null,
        null,
        null,
        null,
        null,
        null,
        null,
        null,
        null,
        null,
        null
      ],
      "/home/cristi/RD/config/initializers/filter_parameter_logging.rb": [
        null,
        null,
        null,
        1
      ],
      "/home/cristi/RD/config/initializers/inflections.rb": [
        null,
        null,
        null,
        null,
        null,
        null,
        null,
        null,
        null,
        null,
        null,
        null,
        null,
        null,
        null,
        null
      ],
      "/home/cristi/RD/config/initializers/mime_types.rb": [
        null,
        null,
        null,
        null
      ],
      "/home/cristi/RD/config/initializers/new_framework_defaults.rb": [
        null,
        null,
        null,
        null,
        null,
        null,
        null,
        1,
        null,
        null,
        1,
        null,
        null,
        null,
        1,
        null,
        null,
        1,
        null,
        null,
        1,
        null,
        null,
        1
      ],
      "/home/cristi/RD/config/initializers/session_store.rb": [
        null,
        null,
        1
      ],
      "/home/cristi/RD/config/initializers/wrap_parameters.rb": [
        null,
        null,
        null,
        null,
        null,
        null,
        1,
        2,
        null,
        null,
        null,
        null,
        null,
        null
      ],
      "/home/cristi/RD/spec/factories/contact_customs.rb": [
        1,
        1,
        1,
        1,
        1,
        null,
        null
      ],
      "/home/cristi/RD/spec/factories/contacts.rb": [
        1,
        1,
        1,
        1,
        1,
        null,
        null
      ],
      "/home/cristi/RD/spec/factories/customs.rb": [
        1,
        1,
        1,
        1,
        1,
        null,
        null
      ],
      "/home/cristi/RD/spec/factories/users.rb": [
        1,
        1,
        null,
        null,
        null
      ],
      "/home/cristi/RD/config/routes.rb": [
        1,
        1,
        1,
        1,
        1,
        null,
        1,
        null,
        null
      ],
      "/home/cristi/RD/app/models/user.rb": [
        1,
        null,
        1,
        1,
        null,
        null,
        null,
        1,
        null,
        null
      ],
      "/home/cristi/RD/app/models/application_record.rb": [
        1,
        1,
        null
      ],
      "/home/cristi/RD/app/helpers/application_helper.rb": [
        1,
        null
      ],
      "/home/cristi/RD/app/helpers/contact_customs_helper.rb": [
        1,
        null
      ],
      "/home/cristi/RD/app/helpers/contacts_helper.rb": [
        1,
        null
      ],
      "/home/cristi/RD/app/helpers/customs_helper.rb": [
        1,
        null
      ],
      "/home/cristi/RD/app/helpers/welcome_helper.rb": [
        1,
        null
      ],
      "/home/cristi/RD/app/models/contact_custom.rb": [
        1,
        1,
        1,
        null
      ],
      "/home/cristi/RD/spec/models/contact_spec.rb": [
        1,
        null,
        1,
        2,
        null
      ],
      "/home/cristi/RD/app/models/contact.rb": [
        1,
        1,
        null
      ],
      "/home/cristi/RD/spec/models/custom_spec.rb": [
        1,
        null,
        1,
        2,
        null
      ],
      "/home/cristi/RD/app/models/custom.rb": [
        1,
        1,
        null
      ],
      "/home/cristi/RD/spec/models/user_spec.rb": [
        1,
        null,
        1,
        2,
        2,
        null
      ]
    },
    "timestamp": 1489170305
  }
}
